[2024-03-11 15:18:33.347][SQL2000-安徽][0][MSSQL][]
SELECT @@SPID

[2024-03-11 15:18:33.348][SQL2000-安徽][51][MSSQL][]
SET DATEFORMAT ymd

[2024-03-11 15:18:33.348][SQL2000-安徽][51][MSSQL][]
USE [master]

[2024-03-11 15:18:33.349][SQL2000-安徽][51][MSSQL][]
SET DATEFORMAT ymd

[2024-03-11 15:18:33.349][SQL2000-安徽][51][MSSQL][]
USE [master]

[2024-03-11 15:18:33.349][SQL2000-安徽][51][MSSQL][]
SELECT SERVERPROPERTY('ProductLevel') AS ProductLevel, SERVERPROPERTY('Edition') AS Edition

[2024-03-11 15:18:33.35][SQL2000-安徽][51][MSSQL][]
SET DATEFORMAT ymd

[2024-03-11 15:18:33.351][SQL2000-安徽][51][MSSQL][]
USE [master]

[2024-03-11 15:18:33.351][SQL2000-安徽][51][MSSQL][]
SELECT d.name db_name, d.dbid AS database_id, CAST(CASE DATABASEPROPERTYEX(d.name, 'Updateability') WHEN 'READ_ONLY' THEN 1 ELSE 0 END AS bit) AS is_read_only, CAST(CASE DATABASEPROPERTYEX(d.name, 'Status') WHEN 'ONLINE' THEN 0 WHEN 'RESTORING' THEN 1 WHEN 'RECOVERING' THEN 2 WHEN 'SUSPECT' THEN 4 WHEN 'OFFLINE' THEN 6 END AS tinyint) AS state, CAST(CASE DATABASEPROPERTYEX(d.name, 'UserAccess') WHEN 'MULTI_USER' THEN 0 WHEN 'SINGLE_USER' THEN 1 WHEN 'RESTRICTED_USER' THEN 2 END AS tinyint) AS user_access, CAST(DATABASEPROPERTYEX(d.name, 'Collation') AS NVARCHAR(4000)) AS collation_name FROM master.dbo.sysdatabases d

[2024-03-11 15:18:34.211][SQL2000-安徽][51][MSSQL][]
SET DATEFORMAT ymd

[2024-03-11 15:18:34.211][SQL2000-安徽][51][MSSQL][]
USE [HRP-DBBAK]

[2024-03-11 15:18:34.212][SQL2000-安徽][51][MSSQL][]
SET DATEFORMAT ymd

[2024-03-11 15:18:34.213][SQL2000-安徽][51][MSSQL][]
USE [HRP-DBBAK]

[2024-03-11 15:18:34.213][SQL2000-安徽][51][MSSQL][]
SELECT name FROM sysusers ORDER BY name ASC

[2024-03-11 15:18:34.214][SQL2000-安徽][51][MSSQL][]
SET DATEFORMAT ymd

[2024-03-11 15:18:34.215][SQL2000-安徽][51][MSSQL][]
USE [HRP-DBBAK]

[2024-03-11 15:18:34.215][SQL2000-安徽][51][MSSQL][]
SELECT COUNT(*) FROM information_schema.TABLES UNION SELECT COUNT(*) FROM information_schema.COLUMNS UNION SELECT COUNT(*) FROM information_schema.ROUTINES 

[2024-03-11 15:18:34.356][SQL2000-安徽][51][MSSQL][]
SET DATEFORMAT ymd

[2024-03-11 15:18:34.356][SQL2000-安徽][51][MSSQL][]
USE [HRP-DBBAK]

[2024-03-11 15:18:34.356][SQL2000-安徽][51][MSSQL][]
SELECT TABLE_SCHEMA, TABLE_NAME, TABLE_TYPE FROM INFORMATION_SCHEMA.TABLES  ORDER BY TABLE_SCHEMA, TABLE_TYPE

[2024-03-11 15:18:34.362][SQL2000-安徽][51][MSSQL][]
SELECT TABLE_SCHEMA, TABLE_NAME, COLUMN_NAME, DATA_TYPE FROM INFORMATION_SCHEMA.COLUMNS  ORDER BY TABLE_SCHEMA, TABLE_NAME

[2024-03-11 15:18:34.493][SQL2000-安徽][51][MSSQL][]
SELECT DISTINCT ROUTINE_SCHEMA, ROUTINE_NAME  FROM INFORMATION_SCHEMA.ROUTINES  GROUP BY ROUTINE_SCHEMA, ROUTINE_NAME ORDER BY ROUTINE_SCHEMA

[2024-03-11 15:18:34.821][SQL2000-安徽][51][MSSQL][]
SET DATEFORMAT ymd

[2024-03-11 15:18:34.821][SQL2000-安徽][51][MSSQL][]
USE [HRP-DBBAK]

[2024-03-11 15:18:34.822][SQL2000-安徽][51][MSSQL][]
SELECT o.name, o.id object_id, CAST(p.value AS NVARCHAR(4000)) AS comment, u.name AS schemaname, CASE o.xtype WHEN 'U' THEN 'USER_TABLE' WHEN 'S' THEN 'SYSTEM_TABLE' END AS type_desc, IDENT_CURRENT(QUOTENAME(u.name) + '.' + QUOTENAME(o.name)) AS current_value, o.crdate create_date, o.refdate modify_date, i.rowcnt AS rows FROM sysobjects o LEFT JOIN sysusers u ON o.uid = u.uid LEFT JOIN ::fn_listextendedproperty('MS_Description', 'USER', 'dbo', 'TABLE', NULL, NULL, NULL) p ON o.name = p.objname COLLATE database_default LEFT JOIN sysindexes i ON o.id = i.id AND i.indid < 2 WHERE (o.xtype = 'U' OR o.xtype = 'S') AND u.name = N'dbo' ORDER BY o.name ASC

[2024-03-11 15:18:36.364][SQL2000-安徽][51][MSSQL][]
SET DATEFORMAT ymd

[2024-03-11 15:18:36.364][SQL2000-安徽][51][MSSQL][]
USE [master]

[2024-03-11 15:18:36.369][SQL2000-安徽][51][MSSQL][]
SET DATEFORMAT ymd

[2024-03-11 15:18:36.37][SQL2000-安徽][51][MSSQL][]
USE [master]

[2024-03-11 15:18:36.37][SQL2000-安徽][51][MSSQL][]
SELECT SERVERPROPERTY('ProductLevel') AS ProductLevel, SERVERPROPERTY('Edition') AS Edition

[2024-03-11 15:18:36.37][SQL2000-安徽][51][MSSQL][]
SET DATEFORMAT ymd

[2024-03-11 15:18:36.371][SQL2000-安徽][51][MSSQL][]
USE [master]

[2024-03-11 15:18:36.371][SQL2000-安徽][51][MSSQL][]
SELECT d.name db_name, d.dbid AS database_id, CAST(CASE DATABASEPROPERTYEX(d.name, 'Updateability') WHEN 'READ_ONLY' THEN 1 ELSE 0 END AS bit) AS is_read_only, CAST(CASE DATABASEPROPERTYEX(d.name, 'Status') WHEN 'ONLINE' THEN 0 WHEN 'RESTORING' THEN 1 WHEN 'RECOVERING' THEN 2 WHEN 'SUSPECT' THEN 4 WHEN 'OFFLINE' THEN 6 END AS tinyint) AS state, CAST(CASE DATABASEPROPERTYEX(d.name, 'UserAccess') WHEN 'MULTI_USER' THEN 0 WHEN 'SINGLE_USER' THEN 1 WHEN 'RESTRICTED_USER' THEN 2 END AS tinyint) AS user_access, CAST(DATABASEPROPERTYEX(d.name, 'Collation') AS NVARCHAR(4000)) AS collation_name FROM master.dbo.sysdatabases d

[2024-03-11 15:18:36.444][SQL2000-安徽][51][MSSQL][]
SET DATEFORMAT ymd

[2024-03-11 15:18:36.444][SQL2000-安徽][51][MSSQL][]
USE [HRP-DBBAK]

[2024-03-11 15:18:36.467][SQL2000-安徽][51][MSSQL][]
SELECT name FROM sysusers ORDER BY name ASC

[2024-03-11 15:18:36.478][SQL2000-安徽][51][MSSQL][]
SET DATEFORMAT ymd

[2024-03-11 15:18:36.478][SQL2000-安徽][51][MSSQL][]
USE [HRP-DBBAK]

[2024-03-11 15:18:36.479][SQL2000-安徽][51][MSSQL][]
SELECT o.name, CASE o.xtype WHEN 'U' THEN 'USER_TABLE' WHEN 'S' THEN 'SYSTEM_TABLE' END AS type_desc FROM sysobjects o LEFT JOIN sysusers u ON o.uid = u.uid WHERE (o.xtype = 'U' OR o.xtype = 'S') AND u.name = N'dbo' ORDER BY o.name ASC

[2024-03-11 15:18:36.489][SQL2000-安徽][51][MSSQL][]
SET DATEFORMAT ymd

[2024-03-11 15:18:36.489][SQL2000-安徽][51][MSSQL][]
USE [HRP-DBBAK]

[2024-03-11 15:18:36.489][SQL2000-安徽][51][MSSQL][]
SELECT so.name, so.id AS object_id, so.crdate AS create_date, so.refdate AS modify_date, sc.encrypted, sc.text AS definition, CAST (OBJECTPROPERTY(so.id, 'IsIndexed') AS bit ) AS indexed, OBJECTPROPERTY(so.id, 'ExecIsAnsiNullsOn') AS uses_ansi_nulls, OBJECTPROPERTY(so.id, 'ExecIsQuotedIdentOn') AS uses_quoted_identifier, OBJECTPROPERTY(so.id, 'IsMSShipped') AS is_ms_shipped, CAST(p.value AS NVARCHAR(4000)) AS comment FROM dbo.sysobjects so LEFT JOIN dbo.syscomments sc ON so.id=sc.id AND sc.colid = 1 LEFT JOIN ::fn_listextendedproperty('MS_Description', 'USER', N'dbo', 'VIEW', NULL, NULL, NULL) p ON so.name = p.objname COLLATE database_default WHERE so.type='V' AND USER_NAME(so.uid)=N'dbo' 

